Building DAG of jobs...
Using shell: /usr/bin/bash
Provided cores: 4
Rules claiming more threads will be scaled down.
Job stats:
job                count
---------------  -------
all                    1
assemble_spades        4
assembly_stats         4
bam_to_fastq           4
build_index            1
build_report           1
count_after            4
count_before           4
map_reads              4
total                 27

Select jobs to execute...

[Thu Feb 26 16:39:35 2026]
rule count_before:
    input: data/raw/SRR5660044_1.fastq
    output: results/counts/SRR5660044_before.txt
    jobid: 4
    reason: Missing output files: results/counts/SRR5660044_before.txt
    wildcards: sample=SRR5660044
    resources: tmpdir=/tmp


[Thu Feb 26 16:39:35 2026]
rule count_before:
    input: data/raw/SRR5660030_1.fastq
    output: results/counts/SRR5660030_before.txt
    jobid: 2
    reason: Missing output files: results/counts/SRR5660030_before.txt
    wildcards: sample=SRR5660030
    resources: tmpdir=/tmp


[Thu Feb 26 16:39:35 2026]
rule build_index:
    input: resources/genome/hcmv.fasta
    output: resources/genome/hcmv_index.1.bt2
    jobid: 8
    reason: Missing output files: resources/genome/hcmv_index.1.bt2
    resources: tmpdir=/tmp


[Thu Feb 26 16:39:35 2026]
rule count_before:
    input: data/raw/SRR5660045_1.fastq
    output: results/counts/SRR5660045_before.txt
    jobid: 5
    reason: Missing output files: results/counts/SRR5660045_before.txt
    wildcards: sample=SRR5660045
    resources: tmpdir=/tmp

[Thu Feb 26 16:39:35 2026]
Finished job 2.
1 of 27 steps (4%) done
Select jobs to execute...

[Thu Feb 26 16:39:35 2026]
rule count_before:
    input: data/raw/SRR5660033_1.fastq
    output: results/counts/SRR5660033_before.txt
    jobid: 3
    reason: Missing output files: results/counts/SRR5660033_before.txt
    wildcards: sample=SRR5660033
    resources: tmpdir=/tmp

[Thu Feb 26 16:39:35 2026]
Finished job 5.
2 of 27 steps (7%) done
[Thu Feb 26 16:39:35 2026]
Finished job 4.
3 of 27 steps (11%) done
[Thu Feb 26 16:39:35 2026]
Finished job 3.
4 of 27 steps (15%) done
[Thu Feb 26 16:39:35 2026]
Finished job 8.
5 of 27 steps (19%) done
Select jobs to execute...

[Thu Feb 26 16:39:35 2026]
rule map_reads:
    input: data/raw/SRR5660045_1.fastq, data/raw/SRR5660045_2.fastq, resources/genome/hcmv_index.1.bt2
    output: results/mapped/SRR5660045.bam
    jobid: 14
    reason: Missing output files: results/mapped/SRR5660045.bam; Input files updated by another job: resources/genome/hcmv_index.1.bt2
    wildcards: sample=SRR5660045
    resources: tmpdir=/tmp


[Thu Feb 26 16:39:35 2026]
rule map_reads:
    input: data/raw/SRR5660044_1.fastq, data/raw/SRR5660044_2.fastq, resources/genome/hcmv_index.1.bt2
    output: results/mapped/SRR5660044.bam
    jobid: 12
    reason: Missing output files: results/mapped/SRR5660044.bam; Input files updated by another job: resources/genome/hcmv_index.1.bt2
    wildcards: sample=SRR5660044
    resources: tmpdir=/tmp


[Thu Feb 26 16:39:35 2026]
rule map_reads:
    input: data/raw/SRR5660033_1.fastq, data/raw/SRR5660033_2.fastq, resources/genome/hcmv_index.1.bt2
    output: results/mapped/SRR5660033.bam
    jobid: 10
    reason: Missing output files: results/mapped/SRR5660033.bam; Input files updated by another job: resources/genome/hcmv_index.1.bt2
    wildcards: sample=SRR5660033
    resources: tmpdir=/tmp


[Thu Feb 26 16:39:35 2026]
rule map_reads:
    input: data/raw/SRR5660030_1.fastq, data/raw/SRR5660030_2.fastq, resources/genome/hcmv_index.1.bt2
    output: results/mapped/SRR5660030.bam
    jobid: 7
    reason: Missing output files: results/mapped/SRR5660030.bam; Input files updated by another job: resources/genome/hcmv_index.1.bt2
    wildcards: sample=SRR5660030
    resources: tmpdir=/tmp

[Thu Feb 26 16:47:10 2026]
Finished job 14.
6 of 27 steps (22%) done
Select jobs to execute...

[Thu Feb 26 16:47:10 2026]
rule count_after:
    input: results/mapped/SRR5660045.bam
    output: results/counts/SRR5660045_after.txt
    jobid: 13
    reason: Missing output files: results/counts/SRR5660045_after.txt; Input files updated by another job: results/mapped/SRR5660045.bam
    wildcards: sample=SRR5660045
    resources: tmpdir=/tmp

[Thu Feb 26 16:47:13 2026]
Finished job 13.
7 of 27 steps (26%) done
Select jobs to execute...

[Thu Feb 26 16:47:13 2026]
rule bam_to_fastq:
    input: results/mapped/SRR5660045.bam
    output: results/filtered_fastq/SRR5660045_1.fastq, results/filtered_fastq/SRR5660045_2.fastq
    jobid: 26
    reason: Missing output files: results/filtered_fastq/SRR5660045_1.fastq, results/filtered_fastq/SRR5660045_2.fastq; Input files updated by another job: results/mapped/SRR5660045.bam
    wildcards: sample=SRR5660045
    resources: tmpdir=/tmp

[Thu Feb 26 16:47:39 2026]
Finished job 10.
8 of 27 steps (30%) done
Select jobs to execute...

[Thu Feb 26 16:47:39 2026]
rule count_after:
    input: results/mapped/SRR5660033.bam
    output: results/counts/SRR5660033_after.txt
    jobid: 9
    reason: Missing output files: results/counts/SRR5660033_after.txt; Input files updated by another job: results/mapped/SRR5660033.bam
    wildcards: sample=SRR5660033
    resources: tmpdir=/tmp

[Thu Feb 26 16:47:41 2026]
Finished job 9.
9 of 27 steps (33%) done
Select jobs to execute...

[Thu Feb 26 16:47:41 2026]
rule bam_to_fastq:
    input: results/mapped/SRR5660033.bam
    output: results/filtered_fastq/SRR5660033_1.fastq, results/filtered_fastq/SRR5660033_2.fastq
    jobid: 20
    reason: Missing output files: results/filtered_fastq/SRR5660033_2.fastq, results/filtered_fastq/SRR5660033_1.fastq; Input files updated by another job: results/mapped/SRR5660033.bam
    wildcards: sample=SRR5660033
    resources: tmpdir=/tmp

[Thu Feb 26 16:48:00 2026]
Finished job 26.
10 of 27 steps (37%) done
Select jobs to execute...

[Thu Feb 26 16:48:00 2026]
rule assemble_spades:
    input: results/filtered_fastq/SRR5660045_1.fastq, results/filtered_fastq/SRR5660045_2.fastq
    output: results/assembly/SRR5660045/contigs.fasta
    jobid: 25
    reason: Missing output files: results/assembly/SRR5660045/contigs.fasta; Input files updated by another job: results/filtered_fastq/SRR5660045_1.fastq, results/filtered_fastq/SRR5660045_2.fastq
    wildcards: sample=SRR5660045
    resources: tmpdir=/tmp

[Thu Feb 26 16:48:33 2026]
Finished job 20.
11 of 27 steps (41%) done
Select jobs to execute...

[Thu Feb 26 16:48:33 2026]
rule assemble_spades:
    input: results/filtered_fastq/SRR5660033_1.fastq, results/filtered_fastq/SRR5660033_2.fastq
    output: results/assembly/SRR5660033/contigs.fasta
    jobid: 19
    reason: Missing output files: results/assembly/SRR5660033/contigs.fasta; Input files updated by another job: results/filtered_fastq/SRR5660033_2.fastq, results/filtered_fastq/SRR5660033_1.fastq
    wildcards: sample=SRR5660033
    resources: tmpdir=/tmp

[Thu Feb 26 16:49:29 2026]
Finished job 7.
12 of 27 steps (44%) done
Select jobs to execute...

[Thu Feb 26 16:49:29 2026]
rule bam_to_fastq:
    input: results/mapped/SRR5660030.bam
    output: results/filtered_fastq/SRR5660030_1.fastq, results/filtered_fastq/SRR5660030_2.fastq
    jobid: 17
    reason: Missing output files: results/filtered_fastq/SRR5660030_1.fastq, results/filtered_fastq/SRR5660030_2.fastq; Input files updated by another job: results/mapped/SRR5660030.bam
    wildcards: sample=SRR5660030
    resources: tmpdir=/tmp

[Thu Feb 26 16:50:02 2026]
Finished job 12.
13 of 27 steps (48%) done
Select jobs to execute...

[Thu Feb 26 16:50:02 2026]
rule count_after:
    input: results/mapped/SRR5660030.bam
    output: results/counts/SRR5660030_after.txt
    jobid: 6
    reason: Missing output files: results/counts/SRR5660030_after.txt; Input files updated by another job: results/mapped/SRR5660030.bam
    wildcards: sample=SRR5660030
    resources: tmpdir=/tmp

[Thu Feb 26 16:50:06 2026]
Finished job 6.
14 of 27 steps (52%) done
Select jobs to execute...

[Thu Feb 26 16:50:06 2026]
rule bam_to_fastq:
    input: results/mapped/SRR5660044.bam
    output: results/filtered_fastq/SRR5660044_1.fastq, results/filtered_fastq/SRR5660044_2.fastq
    jobid: 23
    reason: Missing output files: results/filtered_fastq/SRR5660044_2.fastq, results/filtered_fastq/SRR5660044_1.fastq; Input files updated by another job: results/mapped/SRR5660044.bam
    wildcards: sample=SRR5660044
    resources: tmpdir=/tmp

[Thu Feb 26 16:50:31 2026]
Finished job 17.
15 of 27 steps (56%) done
Select jobs to execute...

[Thu Feb 26 16:50:31 2026]
rule assemble_spades:
    input: results/filtered_fastq/SRR5660030_1.fastq, results/filtered_fastq/SRR5660030_2.fastq
    output: results/assembly/SRR5660030/contigs.fasta
    jobid: 16
    reason: Missing output files: results/assembly/SRR5660030/contigs.fasta; Input files updated by another job: results/filtered_fastq/SRR5660030_1.fastq, results/filtered_fastq/SRR5660030_2.fastq
    wildcards: sample=SRR5660030
    resources: tmpdir=/tmp

[Thu Feb 26 16:51:13 2026]
Finished job 23.
16 of 27 steps (59%) done
Select jobs to execute...

[Thu Feb 26 16:51:13 2026]
rule assemble_spades:
    input: results/filtered_fastq/SRR5660044_1.fastq, results/filtered_fastq/SRR5660044_2.fastq
    output: results/assembly/SRR5660044/contigs.fasta
    jobid: 22
    reason: Missing output files: results/assembly/SRR5660044/contigs.fasta; Input files updated by another job: results/filtered_fastq/SRR5660044_2.fastq, results/filtered_fastq/SRR5660044_1.fastq
    wildcards: sample=SRR5660044
    resources: tmpdir=/tmp

[Thu Feb 26 17:26:16 2026]
Finished job 25.
17 of 27 steps (63%) done
Select jobs to execute...

[Thu Feb 26 17:26:16 2026]
rule assembly_stats:
    input: results/assembly/SRR5660045/contigs.fasta
    output: results/assembly_stats/SRR5660045_assembly.txt
    jobid: 24
    reason: Missing output files: results/assembly_stats/SRR5660045_assembly.txt; Input files updated by another job: results/assembly/SRR5660045/contigs.fasta
    wildcards: sample=SRR5660045
    resources: tmpdir=/tmp

[Thu Feb 26 17:26:17 2026]
Finished job 24.
18 of 27 steps (67%) done
Select jobs to execute...

[Thu Feb 26 17:26:17 2026]
rule count_after:
    input: results/mapped/SRR5660044.bam
    output: results/counts/SRR5660044_after.txt
    jobid: 11
    reason: Missing output files: results/counts/SRR5660044_after.txt; Input files updated by another job: results/mapped/SRR5660044.bam
    wildcards: sample=SRR5660044
    resources: tmpdir=/tmp

[Thu Feb 26 17:26:20 2026]
Finished job 11.
19 of 27 steps (70%) done
[Thu Feb 26 17:41:12 2026]
Finished job 19.
20 of 27 steps (74%) done
Select jobs to execute...

[Thu Feb 26 17:41:12 2026]
rule assembly_stats:
    input: results/assembly/SRR5660033/contigs.fasta
    output: results/assembly_stats/SRR5660033_assembly.txt
    jobid: 18
    reason: Missing output files: results/assembly_stats/SRR5660033_assembly.txt; Input files updated by another job: results/assembly/SRR5660033/contigs.fasta
    wildcards: sample=SRR5660033
    resources: tmpdir=/tmp

[Thu Feb 26 17:41:14 2026]
Finished job 18.
21 of 27 steps (78%) done
[Thu Feb 26 17:48:14 2026]
Finished job 22.
22 of 27 steps (81%) done
Select jobs to execute...

[Thu Feb 26 17:48:14 2026]
rule assembly_stats:
    input: results/assembly/SRR5660044/contigs.fasta
    output: results/assembly_stats/SRR5660044_assembly.txt
    jobid: 21
    reason: Missing output files: results/assembly_stats/SRR5660044_assembly.txt; Input files updated by another job: results/assembly/SRR5660044/contigs.fasta
    wildcards: sample=SRR5660044
    resources: tmpdir=/tmp

[Thu Feb 26 17:48:15 2026]
Finished job 21.
23 of 27 steps (85%) done
[Thu Feb 26 18:01:29 2026]
Finished job 16.
24 of 27 steps (89%) done
Select jobs to execute...

[Thu Feb 26 18:01:29 2026]
rule assembly_stats:
    input: results/assembly/SRR5660030/contigs.fasta
    output: results/assembly_stats/SRR5660030_assembly.txt
    jobid: 15
    reason: Missing output files: results/assembly_stats/SRR5660030_assembly.txt; Input files updated by another job: results/assembly/SRR5660030/contigs.fasta
    wildcards: sample=SRR5660030
    resources: tmpdir=/tmp

[Thu Feb 26 18:01:30 2026]
Finished job 15.
25 of 27 steps (93%) done
Select jobs to execute...

[Thu Feb 26 18:01:30 2026]
rule build_report:
    input: results/counts/SRR5660030_before.txt, results/counts/SRR5660033_before.txt, results/counts/SRR5660044_before.txt, results/counts/SRR5660045_before.txt, results/counts/SRR5660030_after.txt, results/counts/SRR5660033_after.txt, results/counts/SRR5660044_after.txt, results/counts/SRR5660045_after.txt, results/assembly_stats/SRR5660030_assembly.txt, results/assembly_stats/SRR5660033_assembly.txt, results/assembly_stats/SRR5660044_assembly.txt, results/assembly_stats/SRR5660045_assembly.txt
    output: PipelineReport.txt
    jobid: 1
    reason: Missing output files: PipelineReport.txt; Input files updated by another job: results/counts/SRR5660045_after.txt, results/assembly_stats/SRR5660044_assembly.txt, results/counts/SRR5660030_before.txt, results/assembly_stats/SRR5660033_assembly.txt, results/assembly_stats/SRR5660045_assembly.txt, results/counts/SRR5660044_before.txt, results/assembly_stats/SRR5660030_assembly.txt, results/counts/SRR5660033_before.txt, results/counts/SRR5660030_after.txt, results/counts/SRR5660044_after.txt, results/counts/SRR5660045_before.txt, results/counts/SRR5660033_after.txt
    resources: tmpdir=/tmp

[Thu Feb 26 18:01:31 2026]
Finished job 1.
26 of 27 steps (96%) done
Select jobs to execute...

[Thu Feb 26 18:01:31 2026]
localrule all:
    input: PipelineReport.txt
    jobid: 0
    reason: Input files updated by another job: PipelineReport.txt
    resources: tmpdir=/tmp

[Thu Feb 26 18:01:31 2026]
Finished job 0.
27 of 27 steps (100%) done
Complete log: .snakemake/log/2026-02-26T163934.507258.snakemake.log
